[20-Dec-2022 23:30:06 Europe/Berlin] PHP Warning:  Undefined variable $conn in C:\xampp\htdocs\evaluacion_docente\dashboard\admin_class.php on line 17
[20-Dec-2022 23:30:16 Europe/Berlin] PHP Warning:  Undefined variable $conn in C:\xampp\htdocs\evaluacion_docente\dashboard\admin_class.php on line 17
[20-Dec-2022 23:30:25 Europe/Berlin] PHP Warning:  Undefined variable $conn in C:\xampp\htdocs\evaluacion_docente\dashboard\admin_class.php on line 17
[20-Dec-2022 23:30:57 Europe/Berlin] PHP Warning:  Undefined variable $conn in C:\xampp\htdocs\evaluacion_docente\dashboard\admin_class.php on line 17
[20-Dec-2022 23:42:07 Europe/Berlin] PHP Warning:  Undefined variable $conn in C:\xampp\htdocs\evaluacion_docente\dashboard\admin_class.php on line 17
[22-Dec-2022 16:30:49 Europe/Berlin] PHP Warning:  Undefined variable $conn in C:\xampp\htdocs\evaluacion_docente\dashboard\admin_class.php on line 17
[22-Dec-2022 16:41:46 Europe/Berlin] PHP Warning:  Undefined variable $conn in C:\xampp\htdocs\evaluacion_docente\dashboard\admin_class.php on line 17
[22-Dec-2022 16:42:18 Europe/Berlin] PHP Warning:  Undefined variable $conn in C:\xampp\htdocs\evaluacion_docente\dashboard\admin_class.php on line 17
[22-Dec-2022 16:46:15 Europe/Berlin] PHP Warning:  Undefined variable $conn in C:\xampp\htdocs\evaluacion_docente\dashboard\admin_class.php on line 17
[22-Dec-2022 16:46:15 Europe/Berlin] PHP Warning:  Array to string conversion in C:\xampp\htdocs\evaluacion_docente\dashboard\admin_class.php on line 26
[22-Dec-2022 16:46:45 Europe/Berlin] PHP Warning:  Undefined variable $conn in C:\xampp\htdocs\evaluacion_docente\dashboard\admin_class.php on line 17
[22-Dec-2022 16:46:45 Europe/Berlin] PHP Warning:  Array to string conversion in C:\xampp\htdocs\evaluacion_docente\dashboard\admin_class.php on line 26
[22-Dec-2022 16:52:35 Europe/Berlin] PHP Warning:  Undefined variable $conn in C:\xampp\htdocs\evaluacion_docente\dashboard\admin_class.php on line 17
[22-Dec-2022 16:52:35 Europe/Berlin] PHP Warning:  Array to string conversion in C:\xampp\htdocs\evaluacion_docente\dashboard\admin_class.php on line 26
[22-Dec-2022 16:53:18 Europe/Berlin] PHP Warning:  Undefined variable $conn in C:\xampp\htdocs\evaluacion_docente\dashboard\admin_class.php on line 17
[22-Dec-2022 16:53:18 Europe/Berlin] PHP Warning:  Array to string conversion in C:\xampp\htdocs\evaluacion_docente\dashboard\admin_class.php on line 26
[22-Dec-2022 17:04:49 Europe/Berlin] PHP Warning:  Undefined variable $conn in C:\xampp\htdocs\evaluacion_docente\dashboard\admin_class.php on line 17
[22-Dec-2022 17:11:47 Europe/Berlin] PHP Warning:  Undefined variable $conn in C:\xampp\htdocs\evaluacion_docente\dashboard\admin_class.php on line 17
[22-Dec-2022 17:15:16 Europe/Berlin] PHP Warning:  Undefined variable $conn in C:\xampp\htdocs\evaluacion_docente\dashboard\admin_class.php on line 17
[22-Dec-2022 17:28:08 Europe/Berlin] PHP Warning:  Undefined variable $conn in C:\xampp\htdocs\evaluacion_docente\dashboard\admin_class.php on line 17
[22-Dec-2022 19:29:28 Europe/Berlin] PHP Warning:  Undefined variable $conn in C:\xampp\htdocs\evaluacion_docente\dashboard\admin_class.php on line 17
[22-Dec-2022 19:29:50 Europe/Berlin] PHP Warning:  Undefined variable $conn in C:\xampp\htdocs\evaluacion_docente\dashboard\admin_class.php on line 17
[27-Dec-2022 15:58:09 Europe/Berlin] PHP Fatal error:  Uncaught Error: Call to undefined method PDOStatement::bind_param() in C:\xampp\htdocs\evaluacion_docente\dashboard\admin_class.php:67
Stack trace:
#0 C:\xampp\htdocs\evaluacion_docente\dashboard\.php(7): Action->cargar_ae_doc_cat()
#1 {main}
  thrown in C:\xampp\htdocs\evaluacion_docente\dashboard\admin_class.php on line 67
[27-Dec-2022 16:08:43 Europe/Berlin] PHP Fatal error:  Uncaught Error: Call to undefined method PDOStatement::bind_param() in C:\xampp\htdocs\evaluacion_docente\dashboard\admin_class.php:67
Stack trace:
#0 C:\xampp\htdocs\evaluacion_docente\dashboard\.php(7): Action->cargar_ae_doc_cat()
#1 {main}
  thrown in C:\xampp\htdocs\evaluacion_docente\dashboard\admin_class.php on line 67
[27-Dec-2022 16:24:26 Europe/Berlin] PHP Fatal error:  Uncaught Error: Call to undefined method PDOStatement::bind_param() in C:\xampp\htdocs\evaluacion_docente\dashboard\admin_class.php:67
Stack trace:
#0 C:\xampp\htdocs\evaluacion_docente\dashboard\.php(7): Action->cargar_ae_doc_cat()
#1 {main}
  thrown in C:\xampp\htdocs\evaluacion_docente\dashboard\admin_class.php on line 67
[27-Dec-2022 17:03:48 Europe/Berlin] PHP Fatal error:  Uncaught Error: Call to undefined method PDOStatement::bind_param() in C:\xampp\htdocs\evaluacion_docente\dashboard\admin_class.php:67
Stack trace:
#0 C:\xampp\htdocs\evaluacion_docente\dashboard\.php(7): Action->cargar_ae_doc_cat()
#1 {main}
  thrown in C:\xampp\htdocs\evaluacion_docente\dashboard\admin_class.php on line 67
[27-Dec-2022 17:05:40 Europe/Berlin] PHP Warning:  Undefined variable $PREGUNT16 in C:\xampp\htdocs\evaluacion_docente\dashboard\admin_class.php on line 67
[27-Dec-2022 17:05:40 Europe/Berlin] PHP Fatal error:  Uncaught ArgumentCountError: PDOStatement::bindParam() expects at most 5 arguments, 41 given in C:\xampp\htdocs\evaluacion_docente\dashboard\admin_class.php:67
Stack trace:
#0 C:\xampp\htdocs\evaluacion_docente\dashboard\admin_class.php(67): PDOStatement->bindParam('iississssssssss...', '446476', '17679', 'Facultad de Adm...', 'Tecnolog\xC3\xADa en ...', '1039454699', 'MARIANA G\xC3\x93MEZ ...', 'Docente Catedra...', 'A.D-2022-01-CON...', '5/25/22 14:42', 'Totalmente de a...', 'Totalmente de a...', '', '', '', '', '', 'Totalmente de a...', 'De acuerdo', 'De acuerdo', 'Totalmente de a...', 'Ni de acuerdo n...', 'De acuerdo', 'Totalmente de a...', 'Totalmente de a...', NULL, 'De acuerdo', 'Totalmente de a...', 'Totalmente de a...', 'Totalmente de a...', 'De acuerdo', 'De acuerdo', 'De acuerdo', 'Totalmente de a...', 'Totalmente de a...', 'De acuerdo', 'Totalmente de a...', 'Totalmente de a...', 'Totalmente de a...', 'Totalmente de a...', 'Totalmente de a...')
#1 C:\xampp\htdocs\evaluacion_docente\dashboard\.php(7): Action->cargar_ae_doc_cat()
#2 {main}
  thrown in C:\xampp\htdocs\evaluacion_docente\dashboard\admin_class.php on line 67
[28-Dec-2022 18:51:36 Europe/Berlin] PHP Warning:  Undefined array key "ID_ENCUESTA_QUSUARIO" in C:\xampp\htdocs\evaluacion_docente\dashboard\admin_class.php on line 79
[30-Dec-2022 16:21:52 Europe/Berlin] PHP Warning:  Undefined array key "datos" in C:\xampp\htdocs\evaluacion_docente\dashboard\admin_class.php on line 58
[30-Dec-2022 16:21:52 Europe/Berlin] PHP Warning:  foreach() argument must be of type array|object, null given in C:\xampp\htdocs\evaluacion_docente\dashboard\admin_class.php on line 59
[30-Dec-2022 16:24:27 Europe/Berlin] PHP Warning:  Undefined array key "datos" in C:\xampp\htdocs\evaluacion_docente\dashboard\admin_class.php on line 58
[30-Dec-2022 16:24:27 Europe/Berlin] PHP Warning:  foreach() argument must be of type array|object, null given in C:\xampp\htdocs\evaluacion_docente\dashboard\admin_class.php on line 59
[27-Mar-2023 21:47:59 Europe/Berlin] PHP Fatal error:  Maximum execution time of 120 seconds exceeded in C:\xampp\htdocs\evaluacion_docente\dashboard\admin_class.php on line 355
[27-Mar-2023 22:01:16 Europe/Berlin] PHP Fatal error:  Maximum execution time of 120 seconds exceeded in C:\xampp\htdocs\evaluacion_docente\dashboard\admin_class.php on line 355
[27-Mar-2023 22:59:48 Europe/Berlin] PHP Fatal error:  Maximum execution time of 120 seconds exceeded in C:\xampp\htdocs\evaluacion_docente\dashboard\admin_class.php on line 355
[27-Mar-2023 23:00:01 Europe/Berlin] PHP Fatal error:  Maximum execution time of 120 seconds exceeded in C:\xampp\htdocs\evaluacion_docente\dashboard\admin_class.php on line 355
[27-Mar-2023 23:00:15 Europe/Berlin] PHP Fatal error:  Maximum execution time of 120 seconds exceeded in C:\xampp\htdocs\evaluacion_docente\dashboard\admin_class.php on line 355
[27-Mar-2023 23:00:28 Europe/Berlin] PHP Fatal error:  Maximum execution time of 120 seconds exceeded in C:\xampp\htdocs\evaluacion_docente\dashboard\admin_class.php on line 355
[27-Mar-2023 23:00:40 Europe/Berlin] PHP Fatal error:  Maximum execution time of 120 seconds exceeded in C:\xampp\htdocs\evaluacion_docente\dashboard\admin_class.php on line 355
[27-Mar-2023 23:26:59 Europe/Berlin] PHP Fatal error:  Maximum execution time of 120 seconds exceeded in C:\xampp\htdocs\evaluacion_docente\dashboard\admin_class.php on line 355
[27-Mar-2023 23:27:09 Europe/Berlin] PHP Fatal error:  Maximum execution time of 120 seconds exceeded in C:\xampp\htdocs\evaluacion_docente\dashboard\admin_class.php on line 355
[27-Mar-2023 23:27:23 Europe/Berlin] PHP Fatal error:  Maximum execution time of 120 seconds exceeded in C:\xampp\htdocs\evaluacion_docente\dashboard\admin_class.php on line 355
[27-Mar-2023 23:27:42 Europe/Berlin] PHP Fatal error:  Maximum execution time of 120 seconds exceeded in C:\xampp\htdocs\evaluacion_docente\dashboard\admin_class.php on line 355
[27-Mar-2023 23:27:57 Europe/Berlin] PHP Fatal error:  Maximum execution time of 120 seconds exceeded in C:\xampp\htdocs\evaluacion_docente\dashboard\admin_class.php on line 355
[27-Mar-2023 23:28:10 Europe/Berlin] PHP Fatal error:  Maximum execution time of 120 seconds exceeded in C:\xampp\htdocs\evaluacion_docente\dashboard\admin_class.php on line 355
